Building DAG of jobs...
Using shell: /bin/bash
Provided cores: 1
Rules claiming more threads will be scaled down.
Job counts:
	count	jobs
	1	align
	1	all
	1	ancestral
	1	export
	1	filter
	1	refine
	1	traits
	1	translate
	1	tree
	9

Job 8: 
        Filtering to
          - 200 sequence(s) per country year month
          - from 1950 onwards
        


        augur filter             --sequences data/sequences.fasta             --metadata data/metadata.tsv             --output results/filtered.fasta             --group-by country year month             --sequences-per-group 200             --min-date 1950
        
Finished job 8.
1 of 9 steps (11%) done

Job 6: 
        Aligning sequences to config/rsv_A_F_outgroup.gb
          - filling gaps with N
        


        augur align             --sequences results/filtered.fasta             --reference-sequence config/rsv_A_F_outgroup.gb             --output results/aligned.fasta             --fill-gaps
        
Finished job 6.
2 of 9 steps (22%) done

Job 7: Building tree


        augur tree             --alignment results/aligned.fasta             --output results/tree_raw.nwk
        
    Error in rule tree:
        jobid: 7
        output: results/tree_raw.nwk

RuleException:
CalledProcessError in line 71 of /nextstrain/build/Snakefile:
Command ' set -euo pipefail;  
        augur tree             --alignment results/aligned.fasta             --output results/tree_raw.nwk ' returned non-zero exit status 1.
  File "/nextstrain/build/Snakefile", line 71, in __rule_tree
  File "/usr/lib/python3.6/concurrent/futures/thread.py", line 56, in run
Shutting down, this might take some time.
Exiting because a job execution failed. Look above for error message
Complete log: /nextstrain/build/.snakemake/log/2019-07-29T155757.457440.snakemake.log
