Building DAG of jobs...
Using shell: /bin/bash
Provided cores: 1
Rules claiming more threads will be scaled down.
Job counts:
	count	jobs
	1	align
	1	all
	1	ancestral
	1	export
	1	filter
	1	refine
	1	traits
	1	translate
	1	tree
	9

Job 8: 
        Filtering to
          - 200 sequence(s) per country year month
          - from 1950 onwards
        


        augur filter             --sequences data/sequences.fasta             --metadata data/metadata.tsv             --output results/filtered.fasta             --group-by country year month             --sequences-per-group 200             --min-date 1950
        
Finished job 8.
1 of 9 steps (11%) done

Job 6: 
        Aligning sequences to config/rsv_B_WGS_outgroup.gb
          - filling gaps with N
        


        augur align             --sequences results/filtered.fasta             --reference-sequence config/rsv_B_WGS_outgroup.gb             --output results/aligned.fasta             --fill-gaps
        
Finished job 6.
2 of 9 steps (22%) done

Job 7: Building tree


        augur tree             --alignment results/aligned.fasta             --output results/tree_raw.nwk
        
